<CFturboFile Version="10">
	<CFturboBatchProject InputFile="C:\kp\act\cft-files\test-impeller.cft">
		<Updates>
			<CFturboProject Type="Object">
				<CFturboDesign_RadialImpeller Desc="CFturbo component" Index="0" Info="TeAM SolidSQUAD-SSQ (3/4/4294967295)" Name="&lt;Impeller_1&gt;" Type="Object">
					<MainDimensions Desc="Main dimensions" Type="Object">
						<MainDimensionsElement Desc="Main dimensions list element" Name="Version 1." Type="Object">
							<xTip Desc="Tip clearance" Type="Float">10</xTip>
							<dN Desc="Hub diameter dH" Type="Float">0.034</dN>
							<dS Desc="Suction diameter dS" Type="Float">0.1239</dS>
							<d2 Desc="Impeller diameter d2" Type="Float">0.209</d2>
							<b2 Desc="Impeller outlet width b2" Type="Float">0.03</b2>
						</MainDimensionsElement>
					</MainDimensions>
					<Meridian Desc="Meridian" Type="Object">
						<TgrMer_RImp Desc="Meridional contour" Type="Object">
							<Bezier4MerLE Desc="Leading edge (Main blade)" Name="GeoLeadingEdge" Type="Object">
								<Points Count="5" Desc="Control point coordinates for curve as 4th order Bezier" Type="Points">
									<Point Index="0" Type="Point">
										<x Type="Float">0.052763142</x>
										<y Type="Float">0.049351758</y>
									</Point>
									<Point Index="1" Type="Point">
										<x Type="Float">0.039385635</x>
										<y Type="Float">0.051040624</y>
									</Point>
									<Point Index="2" Type="Point">
										<x Type="Float">0.026008129</x>
										<y Type="Float">0.052729491</y>
									</Point>
									<Point Index="3" Type="Point">
										<x Type="Float">0.021548961</x>
										<y Type="Float">0.057796091</y>
									</Point>
									<Point Index="4" Type="Point">
										<x Type="Float">0.017089792</x>
										<y Type="Float">0.06286269</y>
									</Point>
								</Points>
								<Rel1 Desc="Relative coordinates of control point 1" Type="Point">
									<x Type="Float">0.5</x>
									<y Type="Float">0.5</y>
								</Rel1>
								<Rel2 Desc="Relative coordinates of control point 2" Type="Point">
									<x Type="Float">0.75</x>
									<y Type="Float">0.25</y>
								</Rel2>
								<Rel3 Desc="Relative coordinates of control point 3" Type="Point">
									<x Type="Float">0.5</x>
									<y Type="Float">0.5</y>
								</Rel3>
								<u-Hub Desc="Leading edge position on hub" Type="Float">0.55140397</u-Hub>
								<u-Shroud Desc="Leading edge position on shroud" Type="Float">0.25</u-Shroud>
							</Bezier4MerLE>
							<TCCurveMer_RImp Desc="Control the shape of the hub contour (see manual ('Meridional contour'))" Name="GeoHub" Type="Object">
								<TReadWriteArray_Bezier4Mer Desc="List of contour elements" Type="Object">
									<Bezier4Mer Desc="Element_0" Index="0" Type="Object">
										<Points Count="5" Desc="Control point coordinates for curve as 4th order Bezier" Type="Points">
											<Point Index="0" Type="Point">
												<x Type="Float">0</x>
												<y Type="Float">0.017</y>
											</Point>
											<Point Index="1" Type="Point">
												<x Type="Float">0.038252944</x>
												<y Type="Float">0.017</y>
											</Point>
											<Point Index="2" Type="Point">
												<x Type="Float">0.051003926</x>
												<y Type="Float">0.017</y>
											</Point>
											<Point Index="3" Type="Point">
												<x Type="Float">0.058288903</x>
												<y Type="Float">0.0695</y>
											</Point>
											<Point Index="4" Type="Point">
												<x Type="Float">0.063145554</x>
												<y Type="Float">0.1045</y>
											</Point>
										</Points>
										<Rel1 Desc="Relative coordinates of control point 1" Type="Point">
											<x Type="Float">0.75</x>
											<y Type="Float">0.75</y>
										</Rel1>
										<Rel2 Desc="Relative coordinates of control point 2" Type="Point">
											<x Type="Float">0.80771998</x>
											<y Type="Float">0</y>
										</Rel2>
										<Rel3 Desc="Relative coordinates of control point 3" Type="Point">
											<x Type="Float">0.6</x>
											<y Type="Float">0.6</y>
										</Rel3>
									</Bezier4Mer>
								</TReadWriteArray_Bezier4Mer>
							</TCCurveMer_RImp>
							<TCCurveMer_RImp Desc="Control the shape of the shroud contour (see manual ('Meridional contour'))" Name="GeoShroud" Type="Object">
								<TReadWriteArray_Bezier4Mer Desc="List of contour elements" Type="Object">
									<Bezier4Mer Desc="Element_0" Index="0" Type="Object">
										<Points Count="5" Desc="Control point coordinates for curve as 4th order Bezier" Type="Points">
											<Point Index="0" Type="Point">
												<x Type="Float">0</x>
												<y Type="Float">0.06195</y>
											</Point>
											<Point Index="1" Type="Point">
												<x Type="Float">0.02438347</x>
												<y Type="Float">0.06195</y>
											</Point>
											<Point Index="2" Type="Point">
												<x Type="Float">0.032511294</x>
												<y Type="Float">0.06195</y>
											</Point>
											<Point Index="3" Type="Point">
												<x Type="Float">0.03775185</x>
												<y Type="Float">0.08748</y>
											</Point>
											<Point Index="4" Type="Point">
												<x Type="Float">0.041245554</x>
												<y Type="Float">0.1045</y>
											</Point>
										</Points>
										<Rel1 Desc="Relative coordinates of control point 1" Type="Point">
											<x Type="Float">0.75</x>
											<y Type="Float">0.75</y>
										</Rel1>
										<Rel2 Desc="Relative coordinates of control point 2" Type="Point">
											<x Type="Float">0.78823753</x>
											<y Type="Float">0</y>
										</Rel2>
										<Rel3 Desc="Relative coordinates of control point 3" Type="Point">
											<x Type="Float">0.6</x>
											<y Type="Float">0.6</y>
										</Rel3>
									</Bezier4Mer>
								</TReadWriteArray_Bezier4Mer>
							</TCCurveMer_RImp>
						</TgrMer_RImp>
					</Meridian>
					<BladeProperties Desc="Blade properties" Type="Object">
						<nBl Desc="Number of blades" Type="Integer">4</nBl>
						<Count Desc="Number of spans" Type="Integer">5</Count>
						<inc_RQ Count="2" Desc="Incidence - flow ratio Q_shockless / Q_BEP" Type="Array">
							<Value Index="0" Type="Float">1</Value>
							<Value Index="1" Type="Float">1</Value>
						</inc_RQ>
						<TReadWriteArray_TBladeProps Desc="Properties of the blades" Name="BladeValues" Type="Object">
							<TBladeProps Desc="Properties of Main blade" Index="0" Type="Object">
								<s1 Count="2" Desc="Blade thickness - on leading edge" Type="Array">
									<Value Index="0" Type="Float">0.003</Value>
									<Value Index="1" Type="Float">0.003</Value>
								</s1>
								<s2 Count="2" Desc="Blade thickness - on trailing edge" Type="Array">
									<Value Index="0" Type="Float">0.0035</Value>
									<Value Index="1" Type="Float">0.0035</Value>
								</s2>
							</TBladeProps>
						</TReadWriteArray_TBladeProps>
					</BladeProperties>
					<SkeletonLines Desc="Blade mean lines" Type="Object">
						<CCFreeForm Desc="Meanline Container" Type="Object">
							<TReadWriteArray_Bezier3SL Desc="Mean line (m-t) represented by Bezier curve" Name="MainBlades" Type="Object">
								<Bezier3SL Desc="Element_0" Index="0" Type="Object">
									<Points Count="4" Desc="Bezier point coordinates" Type="Points">
										<Point Index="0" Type="Point">
											<x Type="Float">0</x>
											<y Type="Float">0</y>
										</Point>
										<Point Index="1" Type="Point">
											<x Type="Float">0.65391669</x>
											<y Type="Float">0.23859638</y>
										</Point>
										<Point Index="2" Type="Point">
											<x Type="Float">1.3207005</x>
											<y Type="Float">0.51050719</y>
										</Point>
										<Point Index="3" Type="Point">
											<x Type="Float">1.9617501</x>
											<y Type="Float">0.76576079</y>
										</Point>
									</Points>
									<Rel1 Desc="relative position &quot;m&quot;" Type="Float">0.31158083</Rel1>
									<Rel2 Desc="relative position &quot;m&quot;" Type="Float">0.66666667</Rel2>
								</Bezier3SL>
								<Bezier3SL Desc="Element_1" Index="1" Type="Object">
									<Points Count="4" Desc="Bezier point coordinates" Type="Points">
										<Point Index="0" Type="Point">
											<x Type="Float">0</x>
											<y Type="Float">0</y>
										</Point>
										<Point Index="1" Type="Point">
											<x Type="Float">0.65391669</x>
											<y Type="Float">0.22535967</y>
										</Point>
										<Point Index="2" Type="Point">
											<x Type="Float">1.3252323</x>
											<y Type="Float">0.50689827</y>
										</Point>
										<Point Index="3" Type="Point">
											<x Type="Float">1.9617501</x>
											<y Type="Float">0.7603474</y>
										</Point>
									</Points>
									<Rel1 Desc="relative position &quot;m&quot;" Type="Float">0.29639039</Rel1>
									<Rel2 Desc="relative position &quot;m&quot;" Type="Float">0.66666667</Rel2>
								</Bezier3SL>
								<Bezier3SL Desc="Element_2" Index="2" Type="Object">
									<Points Count="4" Desc="Bezier point coordinates" Type="Points">
										<Point Index="0" Type="Point">
											<x Type="Float">0</x>
											<y Type="Float">0</y>
										</Point>
										<Point Index="1" Type="Point">
											<x Type="Float">0.65391669</x>
											<y Type="Float">0.21228599</y>
										</Point>
										<Point Index="2" Type="Point">
											<x Type="Float">1.3326112</x>
											<y Type="Float">0.50102203</y>
										</Point>
										<Point Index="3" Type="Point">
											<x Type="Float">1.9617501</x>
											<y Type="Float">0.75153304</y>
										</Point>
									</Points>
									<Rel1 Desc="relative position &quot;m&quot;" Type="Float">0.2824706</Rel1>
									<Rel2 Desc="relative position &quot;m&quot;" Type="Float">0.66666667</Rel2>
								</Bezier3SL>
								<Bezier3SL Desc="Element_3" Index="3" Type="Object">
									<Points Count="4" Desc="Bezier point coordinates" Type="Points">
										<Point Index="0" Type="Point">
											<x Type="Float">0</x>
											<y Type="Float">0</y>
										</Point>
										<Point Index="1" Type="Point">
											<x Type="Float">0.65391669</x>
											<y Type="Float">0.19936406</y>
										</Point>
										<Point Index="2" Type="Point">
											<x Type="Float">1.3582981</x>
											<y Type="Float">0.48056592</y>
										</Point>
										<Point Index="3" Type="Point">
											<x Type="Float">1.9617501</x>
											<y Type="Float">0.72084888</y>
										</Point>
									</Points>
									<Rel1 Desc="relative position &quot;m&quot;" Type="Float">0.27656845</Rel1>
									<Rel2 Desc="relative position &quot;m&quot;" Type="Float">0.66666667</Rel2>
								</Bezier3SL>
								<Bezier3SL Desc="Element_4" Index="4" Type="Object">
									<Points Count="4" Desc="Bezier point coordinates" Type="Points">
										<Point Index="0" Type="Point">
											<x Type="Float">0</x>
											<y Type="Float">0</y>
										</Point>
										<Point Index="1" Type="Point">
											<x Type="Float">0.65391669</x>
											<y Type="Float">0.18658303</y>
										</Point>
										<Point Index="2" Type="Point">
											<x Type="Float">1.4152117</x>
											<y Type="Float">0.43524216</y>
										</Point>
										<Point Index="3" Type="Point">
											<x Type="Float">1.9617501</x>
											<y Type="Float">0.65286324</y>
										</Point>
									</Points>
									<Rel1 Desc="relative position &quot;m&quot;" Type="Float">0.28579191</Rel1>
									<Rel2 Desc="relative position &quot;m&quot;" Type="Float">0.66666667</Rel2>
								</Bezier3SL>
							</TReadWriteArray_Bezier3SL>
						</CCFreeForm>
					</SkeletonLines>
					<BladeProfiles Desc="Blade profiles" Type="Object">
						<TReadWriteArray_BezFillProf Desc="main blade thickness distribution along spans" Name="MainBlades" Type="Object">
							<BezFillProf Desc="Element_0" Index="0" Type="Object">
								<BezierNProf Desc="Pressure side bezier curve" Name="PS" Type="Object">
									<Points Count="6" Desc="Bezier control points" Type="Points">
										<Point Index="0" Type="Point">
											<x Type="Float">0</x>
											<y Type="Float">0.0015</y>
										</Point>
										<Point Index="1" Type="Point">
											<x Type="Float">0.2</x>
											<y Type="Float">0.00155</y>
										</Point>
										<Point Index="2" Type="Point">
											<x Type="Float">0.4</x>
											<y Type="Float">0.0016</y>
										</Point>
										<Point Index="3" Type="Point">
											<x Type="Float">0.6</x>
											<y Type="Float">0.00165</y>
										</Point>
										<Point Index="4" Type="Point">
											<x Type="Float">0.8</x>
											<y Type="Float">0.0017</y>
										</Point>
										<Point Index="5" Type="Point">
											<x Type="Float">1</x>
											<y Type="Float">0.00175</y>
										</Point>
									</Points>
								</BezierNProf>
								<BezierNProf Desc="Suction side bezier curve" Name="SS" Type="Object">
									<Points Count="6" Desc="Bezier control points" Type="Points">
										<Point Index="0" Type="Point">
											<x Type="Float">0</x>
											<y Type="Float">-0.0015</y>
										</Point>
										<Point Index="1" Type="Point">
											<x Type="Float">0.2</x>
											<y Type="Float">-0.00155</y>
										</Point>
										<Point Index="2" Type="Point">
											<x Type="Float">0.4</x>
											<y Type="Float">-0.0016</y>
										</Point>
										<Point Index="3" Type="Point">
											<x Type="Float">0.6</x>
											<y Type="Float">-0.00165</y>
										</Point>
										<Point Index="4" Type="Point">
											<x Type="Float">0.8</x>
											<y Type="Float">-0.0017</y>
										</Point>
										<Point Index="5" Type="Point">
											<x Type="Float">1</x>
											<y Type="Float">-0.00175</y>
										</Point>
									</Points>
								</BezierNProf>
							</BezFillProf>
							<BezFillProf Desc="Element_4" Index="4" Type="Object">
								<BezierNProf Desc="Pressure side bezier curve" Name="PS" Type="Object">
									<Points Count="6" Desc="Bezier control points" Type="Points">
										<Point Index="0" Type="Point">
											<x Type="Float">0</x>
											<y Type="Float">0.0015</y>
										</Point>
										<Point Index="1" Type="Point">
											<x Type="Float">0.2</x>
											<y Type="Float">0.00155</y>
										</Point>
										<Point Index="2" Type="Point">
											<x Type="Float">0.4</x>
											<y Type="Float">0.0016</y>
										</Point>
										<Point Index="3" Type="Point">
											<x Type="Float">0.6</x>
											<y Type="Float">0.00165</y>
										</Point>
										<Point Index="4" Type="Point">
											<x Type="Float">0.8</x>
											<y Type="Float">0.0017</y>
										</Point>
										<Point Index="5" Type="Point">
											<x Type="Float">1</x>
											<y Type="Float">0.00175</y>
										</Point>
									</Points>
								</BezierNProf>
								<BezierNProf Desc="Suction side bezier curve" Name="SS" Type="Object">
									<Points Count="6" Desc="Bezier control points" Type="Points">
										<Point Index="0" Type="Point">
											<x Type="Float">0</x>
											<y Type="Float">-0.0015</y>
										</Point>
										<Point Index="1" Type="Point">
											<x Type="Float">0.2</x>
											<y Type="Float">-0.00155</y>
										</Point>
										<Point Index="2" Type="Point">
											<x Type="Float">0.4</x>
											<y Type="Float">-0.0016</y>
										</Point>
										<Point Index="3" Type="Point">
											<x Type="Float">0.6</x>
											<y Type="Float">-0.00165</y>
										</Point>
										<Point Index="4" Type="Point">
											<x Type="Float">0.8</x>
											<y Type="Float">-0.0017</y>
										</Point>
										<Point Index="5" Type="Point">
											<x Type="Float">1</x>
											<y Type="Float">-0.00175</y>
										</Point>
									</Points>
								</BezierNProf>
							</BezFillProf>
						</TReadWriteArray_BezFillProf>
					</BladeProfiles>
				</CFturboDesign_RadialImpeller>
			</CFturboProject>
		</Updates>
		<BatchAction BaseFileName="test-impeller" ExportInterface="TurboGrid" Name="Export" WorkingDir="C:\Users\vdk\Desktop\HMS\">
		</BatchAction>
		<BatchAction Desc="CFT file name of modified project" Name="Save" OutputFile="test-impeller_mod" />
	</CFturboBatchProject>
</CFturboFile>